[0.008s] Invoking command in '/home/samueljadzak/capstone/articubot_one/build/articubot_one': CMAKE_PREFIX_PATH=/opt/ros/humble /usr/bin/cmake /home/samueljadzak/capstone/articubot_one -DAMENT_CMAKE_SYMLINK_INSTALL=1 -DCMAKE_INSTALL_PREFIX=/home/samueljadzak/capstone/articubot_one/install/articubot_one
[0.071s] -- The C compiler identification is GNU 11.3.0
[0.135s] -- The CXX compiler identification is GNU 11.3.0
[0.141s] -- Detecting C compiler ABI info
[0.209s] -- Detecting C compiler ABI info - done
[0.215s] -- Check for working C compiler: /usr/bin/cc - skipped
[0.215s] -- Detecting C compile features
[0.216s] -- Detecting C compile features - done
[0.218s] -- Detecting CXX compiler ABI info
[0.288s] -- Detecting CXX compiler ABI info - done
[0.292s] -- Check for working CXX compiler: /usr/bin/c++ - skipped
[0.292s] -- Detecting CXX compile features
[0.293s] -- Detecting CXX compile features - done
[0.296s] -- Found ament_cmake: 1.3.3 (/opt/ros/humble/share/ament_cmake/cmake)
[0.405s] -- Found Python3: /usr/bin/python3.10 (found version "3.10.6") found components: Interpreter 
[0.445s] -- Override CMake install command with custom implementation using symlinks instead of copying resources
[0.466s] -- Found ament_lint_auto: 0.12.4 (/opt/ros/humble/share/ament_lint_auto/cmake)
[0.518s] -- Added test 'copyright' to check source files copyright and LICENSE
[0.521s] -- Added test 'cppcheck' to perform static code analysis on C / C++ code
[0.521s] -- Configured cppcheck include dirs: 
[0.521s] -- Configured cppcheck exclude dirs and/or files: 
[0.524s] -- Added test 'cpplint' to check C / C++ code against the Google style
[0.524s] -- Configured cpplint exclude dirs and/or files: 
[0.525s] -- Added test 'flake8' to check Python code syntax and style conventions
[0.526s] -- Added test 'lint_cmake' to check CMake code style
[0.526s] -- Added test 'pep257' to check Python code against some of the docstring style conventions in PEP 257
[0.530s] -- Added test 'uncrustify' to check C / C++ code style
[0.530s] -- Configured uncrustify additional arguments: 
[0.530s] -- Added test 'xmllint' to check XML markup files
[0.531s] -- Configuring done
[0.533s] -- Generating done
[0.534s] -- Build files have been written to: /home/samueljadzak/capstone/articubot_one/build/articubot_one
[0.537s] Invoked command in '/home/samueljadzak/capstone/articubot_one/build/articubot_one' returned '0': CMAKE_PREFIX_PATH=/opt/ros/humble /usr/bin/cmake /home/samueljadzak/capstone/articubot_one -DAMENT_CMAKE_SYMLINK_INSTALL=1 -DCMAKE_INSTALL_PREFIX=/home/samueljadzak/capstone/articubot_one/install/articubot_one
[0.538s] Invoking command in '/home/samueljadzak/capstone/articubot_one/build/articubot_one': CMAKE_PREFIX_PATH=/opt/ros/humble /usr/bin/cmake --build /home/samueljadzak/capstone/articubot_one/build/articubot_one -- -j12 -l12
[0.558s] Invoked command in '/home/samueljadzak/capstone/articubot_one/build/articubot_one' returned '0': CMAKE_PREFIX_PATH=/opt/ros/humble /usr/bin/cmake --build /home/samueljadzak/capstone/articubot_one/build/articubot_one -- -j12 -l12
[0.575s] Invoking command in '/home/samueljadzak/capstone/articubot_one/build/articubot_one': CMAKE_PREFIX_PATH=/opt/ros/humble /usr/bin/cmake --install /home/samueljadzak/capstone/articubot_one/build/articubot_one
[0.581s] -- Install configuration: ""
[0.582s] -- Execute custom install script
[0.582s] -- Symlinking: /home/samueljadzak/capstone/articubot_one/install/articubot_one/share/articubot_one/config/drive_bot.rviz
[0.593s] -- Symlinking: /home/samueljadzak/capstone/articubot_one/install/articubot_one/share/articubot_one/config/empty.yaml
[0.601s] -- Symlinking: /home/samueljadzak/capstone/articubot_one/install/articubot_one/share/articubot_one/config/gaz_ros2_ctl_use_sim.yaml
[0.607s] -- Symlinking: /home/samueljadzak/capstone/articubot_one/install/articubot_one/share/articubot_one/config/gazebo_params.yaml
[0.613s] -- Symlinking: /home/samueljadzak/capstone/articubot_one/install/articubot_one/share/articubot_one/config/joystick.yaml
[0.618s] -- Symlinking: /home/samueljadzak/capstone/articubot_one/install/articubot_one/share/articubot_one/config/main.rviz
[0.623s] -- Symlinking: /home/samueljadzak/capstone/articubot_one/install/articubot_one/share/articubot_one/config/map.rviz
[0.628s] -- Symlinking: /home/samueljadzak/capstone/articubot_one/install/articubot_one/share/articubot_one/config/mapper_params_online_async.yaml
[0.632s] -- Symlinking: /home/samueljadzak/capstone/articubot_one/install/articubot_one/share/articubot_one/config/my_controllers.yaml
[0.637s] -- Symlinking: /home/samueljadzak/capstone/articubot_one/install/articubot_one/share/articubot_one/config/nav2_params.yaml
[0.641s] -- Symlinking: /home/samueljadzak/capstone/articubot_one/install/articubot_one/share/articubot_one/config/twist_mux.yaml
[0.645s] -- Symlinking: /home/samueljadzak/capstone/articubot_one/install/articubot_one/share/articubot_one/config/view_bot.rviz
[0.650s] -- Symlinking: /home/samueljadzak/capstone/articubot_one/install/articubot_one/share/articubot_one/description/camera.xacro
[0.654s] -- Symlinking: /home/samueljadzak/capstone/articubot_one/install/articubot_one/share/articubot_one/description/depth_camera.xacro
[0.658s] -- Symlinking: /home/samueljadzak/capstone/articubot_one/install/articubot_one/share/articubot_one/description/face.xacro
[0.663s] -- Symlinking: /home/samueljadzak/capstone/articubot_one/install/articubot_one/share/articubot_one/description/gazebo_control.xacro
[0.667s] -- Symlinking: /home/samueljadzak/capstone/articubot_one/install/articubot_one/share/articubot_one/description/inertial_macros.xacro
[0.671s] -- Symlinking: /home/samueljadzak/capstone/articubot_one/install/articubot_one/share/articubot_one/description/lidar.xacro
[0.675s] -- Symlinking: /home/samueljadzak/capstone/articubot_one/install/articubot_one/share/articubot_one/description/robot.urdf.xacro
[0.680s] -- Symlinking: /home/samueljadzak/capstone/articubot_one/install/articubot_one/share/articubot_one/description/robot_core.xacro
[0.684s] -- Symlinking: /home/samueljadzak/capstone/articubot_one/install/articubot_one/share/articubot_one/description/ros2_control.xacro
[0.688s] -- Symlinking: /home/samueljadzak/capstone/articubot_one/install/articubot_one/share/articubot_one/launch/camera.launch.py
[0.692s] -- Symlinking: /home/samueljadzak/capstone/articubot_one/install/articubot_one/share/articubot_one/launch/joystick.launch.py
[0.696s] -- Symlinking: /home/samueljadzak/capstone/articubot_one/install/articubot_one/share/articubot_one/launch/launch_robot.launch.py
[0.701s] -- Symlinking: /home/samueljadzak/capstone/articubot_one/install/articubot_one/share/articubot_one/launch/launch_sim.launch.py
[0.705s] -- Symlinking: /home/samueljadzak/capstone/articubot_one/install/articubot_one/share/articubot_one/launch/localization_launch.py
[0.710s] -- Symlinking: /home/samueljadzak/capstone/articubot_one/install/articubot_one/share/articubot_one/launch/navigation_launch.py
[0.716s] -- Symlinking: /home/samueljadzak/capstone/articubot_one/install/articubot_one/share/articubot_one/launch/online_async_launch.py
[0.722s] -- Symlinking: /home/samueljadzak/capstone/articubot_one/install/articubot_one/share/articubot_one/launch/rplidar.launch.py
[0.727s] -- Symlinking: /home/samueljadzak/capstone/articubot_one/install/articubot_one/share/articubot_one/launch/rsp.launch.py
[0.733s] -- Symlinking: /home/samueljadzak/capstone/articubot_one/install/articubot_one/share/articubot_one/worlds/empty.world
[0.740s] -- Symlinking: /home/samueljadzak/capstone/articubot_one/install/articubot_one/share/articubot_one/worlds/obstacles.world
[0.747s] -- Symlinking: /home/samueljadzak/capstone/articubot_one/install/articubot_one/share/ament_index/resource_index/package_run_dependencies/articubot_one
[0.755s] -- Symlinking: /home/samueljadzak/capstone/articubot_one/install/articubot_one/share/ament_index/resource_index/parent_prefix_path/articubot_one
[0.761s] -- Symlinking: /home/samueljadzak/capstone/articubot_one/install/articubot_one/share/articubot_one/environment/ament_prefix_path.sh
[0.769s] -- Symlinking: /home/samueljadzak/capstone/articubot_one/install/articubot_one/share/articubot_one/environment/ament_prefix_path.dsv
[0.775s] -- Symlinking: /home/samueljadzak/capstone/articubot_one/install/articubot_one/share/articubot_one/environment/path.sh
[0.782s] -- Symlinking: /home/samueljadzak/capstone/articubot_one/install/articubot_one/share/articubot_one/environment/path.dsv
[0.787s] -- Symlinking: /home/samueljadzak/capstone/articubot_one/install/articubot_one/share/articubot_one/local_setup.bash
[0.793s] -- Symlinking: /home/samueljadzak/capstone/articubot_one/install/articubot_one/share/articubot_one/local_setup.sh
[0.798s] -- Symlinking: /home/samueljadzak/capstone/articubot_one/install/articubot_one/share/articubot_one/local_setup.zsh
[0.803s] -- Symlinking: /home/samueljadzak/capstone/articubot_one/install/articubot_one/share/articubot_one/local_setup.dsv
[0.808s] -- Symlinking: /home/samueljadzak/capstone/articubot_one/install/articubot_one/share/articubot_one/package.dsv
[0.812s] -- Symlinking: /home/samueljadzak/capstone/articubot_one/install/articubot_one/share/ament_index/resource_index/packages/articubot_one
[0.817s] -- Symlinking: /home/samueljadzak/capstone/articubot_one/install/articubot_one/share/articubot_one/cmake/articubot_oneConfig.cmake
[0.823s] -- Symlinking: /home/samueljadzak/capstone/articubot_one/install/articubot_one/share/articubot_one/cmake/articubot_oneConfig-version.cmake
[0.832s] -- Symlinking: /home/samueljadzak/capstone/articubot_one/install/articubot_one/share/articubot_one/package.xml
[0.838s] Invoked command in '/home/samueljadzak/capstone/articubot_one/build/articubot_one' returned '0': CMAKE_PREFIX_PATH=/opt/ros/humble /usr/bin/cmake --install /home/samueljadzak/capstone/articubot_one/build/articubot_one
