[0.011s] Invoking command in '/home/samueljadzak/capstone/restart_ws/build/articubot_one': CMAKE_PREFIX_PATH=${CMAKE_PREFIX_PATH}:/opt/ros/humble /usr/bin/cmake /home/samueljadzak/capstone/restart_ws/src/articubot_one -DAMENT_CMAKE_SYMLINK_INSTALL=1 -DCMAKE_INSTALL_PREFIX=/home/samueljadzak/capstone/restart_ws/install/articubot_one
[0.045s] -- The C compiler identification is GNU 11.3.0
[0.089s] -- The CXX compiler identification is GNU 11.3.0
[0.094s] -- Detecting C compiler ABI info
[0.139s] -- Detecting C compiler ABI info - done
[0.143s] -- Check for working C compiler: /usr/bin/cc - skipped
[0.143s] -- Detecting C compile features
[0.144s] -- Detecting C compile features - done
[0.145s] -- Detecting CXX compiler ABI info
[0.199s] -- Detecting CXX compiler ABI info - done
[0.208s] -- Check for working CXX compiler: /usr/bin/c++ - skipped
[0.208s] -- Detecting CXX compile features
[0.208s] -- Detecting CXX compile features - done
[0.211s] -- Found ament_cmake: 1.3.3 (/opt/ros/humble/share/ament_cmake/cmake)
[0.329s] -- Found Python3: /usr/bin/python3.10 (found version "3.10.6") found components: Interpreter 
[0.378s] -- Override CMake install command with custom implementation using symlinks instead of copying resources
[0.395s] -- Found ament_lint_auto: 0.12.4 (/opt/ros/humble/share/ament_lint_auto/cmake)
[0.450s] -- Added test 'copyright' to check source files copyright and LICENSE
[0.454s] -- Added test 'flake8' to check Python code syntax and style conventions
[0.454s] -- Added test 'lint_cmake' to check CMake code style
[0.455s] -- Added test 'pep257' to check Python code against some of the docstring style conventions in PEP 257
[0.457s] -- Added test 'xmllint' to check XML markup files
[0.458s] -- Configuring done
[0.460s] -- Generating done
[0.461s] -- Build files have been written to: /home/samueljadzak/capstone/restart_ws/build/articubot_one
[0.464s] Invoked command in '/home/samueljadzak/capstone/restart_ws/build/articubot_one' returned '0': CMAKE_PREFIX_PATH=${CMAKE_PREFIX_PATH}:/opt/ros/humble /usr/bin/cmake /home/samueljadzak/capstone/restart_ws/src/articubot_one -DAMENT_CMAKE_SYMLINK_INSTALL=1 -DCMAKE_INSTALL_PREFIX=/home/samueljadzak/capstone/restart_ws/install/articubot_one
[0.466s] Invoking command in '/home/samueljadzak/capstone/restart_ws/build/articubot_one': CMAKE_PREFIX_PATH=${CMAKE_PREFIX_PATH}:/opt/ros/humble /usr/bin/cmake --build /home/samueljadzak/capstone/restart_ws/build/articubot_one -- -j12 -l12
[0.489s] Invoked command in '/home/samueljadzak/capstone/restart_ws/build/articubot_one' returned '0': CMAKE_PREFIX_PATH=${CMAKE_PREFIX_PATH}:/opt/ros/humble /usr/bin/cmake --build /home/samueljadzak/capstone/restart_ws/build/articubot_one -- -j12 -l12
[0.507s] Invoking command in '/home/samueljadzak/capstone/restart_ws/build/articubot_one': CMAKE_PREFIX_PATH=${CMAKE_PREFIX_PATH}:/opt/ros/humble /usr/bin/cmake --install /home/samueljadzak/capstone/restart_ws/build/articubot_one
[0.512s] -- Install configuration: ""
[0.512s] -- Execute custom install script
[0.512s] -- Symlinking: /home/samueljadzak/capstone/restart_ws/install/articubot_one/share/articubot_one/config/drive_bot.rviz
[0.517s] -- Symlinking: /home/samueljadzak/capstone/restart_ws/install/articubot_one/share/articubot_one/config/empty.yaml
[0.523s] -- Symlinking: /home/samueljadzak/capstone/restart_ws/install/articubot_one/share/articubot_one/config/gaz_ros2_ctl_use_sim.yaml
[0.528s] -- Symlinking: /home/samueljadzak/capstone/restart_ws/install/articubot_one/share/articubot_one/config/gazebo_params.yaml
[0.533s] -- Symlinking: /home/samueljadzak/capstone/restart_ws/install/articubot_one/share/articubot_one/config/joystick.yaml
[0.539s] -- Symlinking: /home/samueljadzak/capstone/restart_ws/install/articubot_one/share/articubot_one/config/main.rviz
[0.544s] -- Symlinking: /home/samueljadzak/capstone/restart_ws/install/articubot_one/share/articubot_one/config/map.rviz
[0.550s] -- Symlinking: /home/samueljadzak/capstone/restart_ws/install/articubot_one/share/articubot_one/config/mapper_params_online_async.yaml
[0.556s] -- Symlinking: /home/samueljadzak/capstone/restart_ws/install/articubot_one/share/articubot_one/config/my_controllers.yaml
[0.560s] -- Symlinking: /home/samueljadzak/capstone/restart_ws/install/articubot_one/share/articubot_one/config/nav2_params.yaml
[0.565s] -- Symlinking: /home/samueljadzak/capstone/restart_ws/install/articubot_one/share/articubot_one/config/twist_mux.yaml
[0.571s] -- Symlinking: /home/samueljadzak/capstone/restart_ws/install/articubot_one/share/articubot_one/config/view_bot.rviz
[0.577s] -- Symlinking: /home/samueljadzak/capstone/restart_ws/install/articubot_one/share/articubot_one/description/camera.xacro
[0.582s] -- Symlinking: /home/samueljadzak/capstone/restart_ws/install/articubot_one/share/articubot_one/description/depth_camera.xacro
[0.587s] -- Symlinking: /home/samueljadzak/capstone/restart_ws/install/articubot_one/share/articubot_one/description/face.xacro
[0.592s] -- Symlinking: /home/samueljadzak/capstone/restart_ws/install/articubot_one/share/articubot_one/description/gazebo_control.xacro
[0.597s] -- Symlinking: /home/samueljadzak/capstone/restart_ws/install/articubot_one/share/articubot_one/description/inertial_macros.xacro
[0.603s] -- Symlinking: /home/samueljadzak/capstone/restart_ws/install/articubot_one/share/articubot_one/description/lidar.xacro
[0.608s] -- Symlinking: /home/samueljadzak/capstone/restart_ws/install/articubot_one/share/articubot_one/description/robot.urdf.xacro
[0.613s] -- Symlinking: /home/samueljadzak/capstone/restart_ws/install/articubot_one/share/articubot_one/description/robot_core.xacro
[0.618s] -- Symlinking: /home/samueljadzak/capstone/restart_ws/install/articubot_one/share/articubot_one/description/ros2_control.xacro
[0.624s] -- Symlinking: /home/samueljadzak/capstone/restart_ws/install/articubot_one/share/articubot_one/launch/camera.launch.py
[0.630s] -- Symlinking: /home/samueljadzak/capstone/restart_ws/install/articubot_one/share/articubot_one/launch/joystick.launch.py
[0.634s] -- Symlinking: /home/samueljadzak/capstone/restart_ws/install/articubot_one/share/articubot_one/launch/launch_robot.launch.py
[0.640s] -- Symlinking: /home/samueljadzak/capstone/restart_ws/install/articubot_one/share/articubot_one/launch/launch_sim.launch.py
[0.646s] -- Symlinking: /home/samueljadzak/capstone/restart_ws/install/articubot_one/share/articubot_one/launch/localization_launch.py
[0.651s] -- Symlinking: /home/samueljadzak/capstone/restart_ws/install/articubot_one/share/articubot_one/launch/navigation_launch.py
[0.657s] -- Symlinking: /home/samueljadzak/capstone/restart_ws/install/articubot_one/share/articubot_one/launch/online_async_launch.py
[0.662s] -- Symlinking: /home/samueljadzak/capstone/restart_ws/install/articubot_one/share/articubot_one/launch/rplidar.launch.py
[0.667s] -- Symlinking: /home/samueljadzak/capstone/restart_ws/install/articubot_one/share/articubot_one/launch/rsp.launch.py
[0.673s] -- Symlinking: /home/samueljadzak/capstone/restart_ws/install/articubot_one/share/articubot_one/worlds/empty.world
[0.677s] -- Symlinking: /home/samueljadzak/capstone/restart_ws/install/articubot_one/share/articubot_one/worlds/obstacles.world
[0.683s] -- Symlinking: /home/samueljadzak/capstone/restart_ws/install/articubot_one/share/ament_index/resource_index/package_run_dependencies/articubot_one
[0.689s] -- Symlinking: /home/samueljadzak/capstone/restart_ws/install/articubot_one/share/ament_index/resource_index/parent_prefix_path/articubot_one
[0.694s] -- Symlinking: /home/samueljadzak/capstone/restart_ws/install/articubot_one/share/articubot_one/environment/ament_prefix_path.sh
[0.699s] -- Symlinking: /home/samueljadzak/capstone/restart_ws/install/articubot_one/share/articubot_one/environment/ament_prefix_path.dsv
[0.705s] -- Symlinking: /home/samueljadzak/capstone/restart_ws/install/articubot_one/share/articubot_one/environment/path.sh
[0.710s] -- Symlinking: /home/samueljadzak/capstone/restart_ws/install/articubot_one/share/articubot_one/environment/path.dsv
[0.715s] -- Symlinking: /home/samueljadzak/capstone/restart_ws/install/articubot_one/share/articubot_one/local_setup.bash
[0.721s] -- Symlinking: /home/samueljadzak/capstone/restart_ws/install/articubot_one/share/articubot_one/local_setup.sh
[0.726s] -- Symlinking: /home/samueljadzak/capstone/restart_ws/install/articubot_one/share/articubot_one/local_setup.zsh
[0.731s] -- Symlinking: /home/samueljadzak/capstone/restart_ws/install/articubot_one/share/articubot_one/local_setup.dsv
[0.737s] -- Symlinking: /home/samueljadzak/capstone/restart_ws/install/articubot_one/share/articubot_one/package.dsv
[0.743s] -- Symlinking: /home/samueljadzak/capstone/restart_ws/install/articubot_one/share/ament_index/resource_index/packages/articubot_one
[0.748s] -- Symlinking: /home/samueljadzak/capstone/restart_ws/install/articubot_one/share/articubot_one/cmake/articubot_oneConfig.cmake
[0.753s] -- Symlinking: /home/samueljadzak/capstone/restart_ws/install/articubot_one/share/articubot_one/cmake/articubot_oneConfig-version.cmake
[0.758s] -- Symlinking: /home/samueljadzak/capstone/restart_ws/install/articubot_one/share/articubot_one/package.xml
[0.764s] Invoked command in '/home/samueljadzak/capstone/restart_ws/build/articubot_one' returned '0': CMAKE_PREFIX_PATH=${CMAKE_PREFIX_PATH}:/opt/ros/humble /usr/bin/cmake --install /home/samueljadzak/capstone/restart_ws/build/articubot_one
