[0.427s] DEBUG:colcon:Command line arguments: ['/usr/bin/colcon', 'list', '-p', '--base-paths', '/home/samueljadzak/capstone/restart_ws/capstone_boat_23']
[0.428s] DEBUG:colcon:Parsed command line arguments: Namespace(log_base=None, log_level=None, verb_name='list', build_base='build', ignore_user_meta=False, metas=['./colcon.meta'], base_paths=['/home/samueljadzak/capstone/restart_ws/capstone_boat_23'], packages_ignore=None, packages_ignore_regex=None, paths=None, packages_up_to=None, packages_up_to_regex=None, packages_above=None, packages_above_and_dependencies=None, packages_above_depth=None, packages_select_by_dep=None, packages_skip_by_dep=None, packages_skip_up_to=None, packages_select_build_failed=False, packages_skip_build_finished=False, packages_select_test_failures=False, packages_skip_test_passed=False, packages_select=None, packages_skip=None, packages_select_regex=None, packages_skip_regex=None, packages_start=None, packages_end=None, allow_overriding=[], topological_order=False, names_only=False, paths_only=True, topological_graph=False, topological_graph_dot=False, topological_graph_density=False, topological_graph_legend=False, topological_graph_dot_cluster=False, topological_graph_dot_include_skipped=False, verb_parser=<colcon_defaults.argument_parser.defaults.DefaultArgumentsDecorator object at 0x7f2744c4d570>, verb_extension=<colcon_package_information.verb.list.ListVerb object at 0x7f2744d9baf0>, main=<bound method ListVerb.main of <colcon_package_information.verb.list.ListVerb object at 0x7f2744d9baf0>>)
[0.464s] Level 1:colcon.colcon_core.package_discovery:discover_packages(colcon_meta) check parameters
[0.464s] Level 1:colcon.colcon_core.package_discovery:discover_packages(recursive) check parameters
[0.465s] Level 1:colcon.colcon_core.package_discovery:discover_packages(ignore) check parameters
[0.465s] Level 1:colcon.colcon_core.package_discovery:discover_packages(path) check parameters
[0.465s] Level 1:colcon.colcon_core.package_discovery:discover_packages(recursive) discover
[0.465s] INFO:colcon.colcon_core.package_discovery:Crawling recursively for packages in '/home/samueljadzak/capstone/restart_ws/capstone_boat_23'
[0.465s] Level 1:colcon.colcon_core.package_identification:_identify(/home/samueljadzak/capstone/restart_ws/capstone_boat_23) by extensions ['ignore', 'ignore_ament_install']
[0.465s] Level 1:colcon.colcon_core.package_identification:_identify(/home/samueljadzak/capstone/restart_ws/capstone_boat_23) by extension 'ignore'
[0.465s] Level 1:colcon.colcon_core.package_identification:_identify(/home/samueljadzak/capstone/restart_ws/capstone_boat_23) by extension 'ignore_ament_install'
[0.465s] Level 1:colcon.colcon_core.package_identification:_identify(/home/samueljadzak/capstone/restart_ws/capstone_boat_23) by extensions ['colcon_pkg']
[0.465s] Level 1:colcon.colcon_core.package_identification:_identify(/home/samueljadzak/capstone/restart_ws/capstone_boat_23) by extension 'colcon_pkg'
[0.466s] Level 1:colcon.colcon_core.package_identification:_identify(/home/samueljadzak/capstone/restart_ws/capstone_boat_23) by extensions ['colcon_meta']
[0.466s] Level 1:colcon.colcon_core.package_identification:_identify(/home/samueljadzak/capstone/restart_ws/capstone_boat_23) by extension 'colcon_meta'
[0.466s] Level 1:colcon.colcon_core.package_identification:_identify(/home/samueljadzak/capstone/restart_ws/capstone_boat_23) by extensions ['ros']
[0.466s] Level 1:colcon.colcon_core.package_identification:_identify(/home/samueljadzak/capstone/restart_ws/capstone_boat_23) by extension 'ros'
[0.496s] Level 1:colcon.colcon_core.package_identification:_identify(/home/samueljadzak/capstone/restart_ws/capstone_boat_23) by extensions ['cmake', 'python']
[0.496s] Level 1:colcon.colcon_core.package_identification:_identify(/home/samueljadzak/capstone/restart_ws/capstone_boat_23) by extension 'cmake'
[0.496s] Level 1:colcon.colcon_core.package_identification:_identify(/home/samueljadzak/capstone/restart_ws/capstone_boat_23) by extension 'python'
[0.496s] Level 1:colcon.colcon_core.package_identification:_identify(/home/samueljadzak/capstone/restart_ws/capstone_boat_23) by extensions ['python_setup_py']
[0.496s] Level 1:colcon.colcon_core.package_identification:_identify(/home/samueljadzak/capstone/restart_ws/capstone_boat_23) by extension 'python_setup_py'
[0.497s] Level 1:colcon.colcon_core.package_identification:_identify(/home/samueljadzak/capstone/restart_ws/capstone_boat_23/build) by extensions ['ignore', 'ignore_ament_install']
[0.497s] Level 1:colcon.colcon_core.package_identification:_identify(/home/samueljadzak/capstone/restart_ws/capstone_boat_23/build) by extension 'ignore'
[0.497s] Level 1:colcon.colcon_core.package_identification:_identify(/home/samueljadzak/capstone/restart_ws/capstone_boat_23/build) ignored
[0.497s] Level 1:colcon.colcon_core.package_identification:_identify(/home/samueljadzak/capstone/restart_ws/capstone_boat_23/install) by extensions ['ignore', 'ignore_ament_install']
[0.497s] Level 1:colcon.colcon_core.package_identification:_identify(/home/samueljadzak/capstone/restart_ws/capstone_boat_23/install) by extension 'ignore'
[0.497s] Level 1:colcon.colcon_core.package_identification:_identify(/home/samueljadzak/capstone/restart_ws/capstone_boat_23/install) ignored
[0.497s] Level 1:colcon.colcon_core.package_identification:_identify(/home/samueljadzak/capstone/restart_ws/capstone_boat_23/log) by extensions ['ignore', 'ignore_ament_install']
[0.497s] Level 1:colcon.colcon_core.package_identification:_identify(/home/samueljadzak/capstone/restart_ws/capstone_boat_23/log) by extension 'ignore'
[0.497s] Level 1:colcon.colcon_core.package_identification:_identify(/home/samueljadzak/capstone/restart_ws/capstone_boat_23/log) ignored
[0.498s] Level 1:colcon.colcon_core.package_identification:_identify(/home/samueljadzak/capstone/restart_ws/capstone_boat_23/src) by extensions ['ignore', 'ignore_ament_install']
[0.498s] Level 1:colcon.colcon_core.package_identification:_identify(/home/samueljadzak/capstone/restart_ws/capstone_boat_23/src) by extension 'ignore'
[0.498s] Level 1:colcon.colcon_core.package_identification:_identify(/home/samueljadzak/capstone/restart_ws/capstone_boat_23/src) by extension 'ignore_ament_install'
[0.498s] Level 1:colcon.colcon_core.package_identification:_identify(/home/samueljadzak/capstone/restart_ws/capstone_boat_23/src) by extensions ['colcon_pkg']
[0.498s] Level 1:colcon.colcon_core.package_identification:_identify(/home/samueljadzak/capstone/restart_ws/capstone_boat_23/src) by extension 'colcon_pkg'
[0.498s] Level 1:colcon.colcon_core.package_identification:_identify(/home/samueljadzak/capstone/restart_ws/capstone_boat_23/src) by extensions ['colcon_meta']
[0.498s] Level 1:colcon.colcon_core.package_identification:_identify(/home/samueljadzak/capstone/restart_ws/capstone_boat_23/src) by extension 'colcon_meta'
[0.498s] Level 1:colcon.colcon_core.package_identification:_identify(/home/samueljadzak/capstone/restart_ws/capstone_boat_23/src) by extensions ['ros']
[0.498s] Level 1:colcon.colcon_core.package_identification:_identify(/home/samueljadzak/capstone/restart_ws/capstone_boat_23/src) by extension 'ros'
[0.498s] Level 1:colcon.colcon_core.package_identification:_identify(/home/samueljadzak/capstone/restart_ws/capstone_boat_23/src) by extensions ['cmake', 'python']
[0.498s] Level 1:colcon.colcon_core.package_identification:_identify(/home/samueljadzak/capstone/restart_ws/capstone_boat_23/src) by extension 'cmake'
[0.498s] Level 1:colcon.colcon_core.package_identification:_identify(/home/samueljadzak/capstone/restart_ws/capstone_boat_23/src) by extension 'python'
[0.498s] Level 1:colcon.colcon_core.package_identification:_identify(/home/samueljadzak/capstone/restart_ws/capstone_boat_23/src) by extensions ['python_setup_py']
[0.498s] Level 1:colcon.colcon_core.package_identification:_identify(/home/samueljadzak/capstone/restart_ws/capstone_boat_23/src) by extension 'python_setup_py'
[0.499s] Level 1:colcon.colcon_core.package_identification:_identify(/home/samueljadzak/capstone/restart_ws/capstone_boat_23/src/articubot_one) by extensions ['ignore', 'ignore_ament_install']
[0.499s] Level 1:colcon.colcon_core.package_identification:_identify(/home/samueljadzak/capstone/restart_ws/capstone_boat_23/src/articubot_one) by extension 'ignore'
[0.499s] Level 1:colcon.colcon_core.package_identification:_identify(/home/samueljadzak/capstone/restart_ws/capstone_boat_23/src/articubot_one) by extension 'ignore_ament_install'
[0.499s] Level 1:colcon.colcon_core.package_identification:_identify(/home/samueljadzak/capstone/restart_ws/capstone_boat_23/src/articubot_one) by extensions ['colcon_pkg']
[0.499s] Level 1:colcon.colcon_core.package_identification:_identify(/home/samueljadzak/capstone/restart_ws/capstone_boat_23/src/articubot_one) by extension 'colcon_pkg'
[0.499s] Level 1:colcon.colcon_core.package_identification:_identify(/home/samueljadzak/capstone/restart_ws/capstone_boat_23/src/articubot_one) by extensions ['colcon_meta']
[0.499s] Level 1:colcon.colcon_core.package_identification:_identify(/home/samueljadzak/capstone/restart_ws/capstone_boat_23/src/articubot_one) by extension 'colcon_meta'
[0.499s] Level 1:colcon.colcon_core.package_identification:_identify(/home/samueljadzak/capstone/restart_ws/capstone_boat_23/src/articubot_one) by extensions ['ros']
[0.499s] Level 1:colcon.colcon_core.package_identification:_identify(/home/samueljadzak/capstone/restart_ws/capstone_boat_23/src/articubot_one) by extension 'ros'
[0.502s] DEBUG:colcon.colcon_core.package_identification:Package '/home/samueljadzak/capstone/restart_ws/capstone_boat_23/src/articubot_one' with type 'ros.ament_cmake' and name 'articubot_one'
[0.503s] Level 1:colcon.colcon_core.package_discovery:discover_packages(recursive) using defaults
