[0.264s] DEBUG:colcon:Command line arguments: ['/usr/bin/colcon', 'build', '--symlink-install']
[0.264s] DEBUG:colcon:Parsed command line arguments: Namespace(log_base=None, log_level=None, verb_name='build', build_base='build', install_base='install', merge_install=False, symlink_install=True, test_result_base=None, continue_on_error=False, executor='parallel', parallel_workers=12, event_handlers=None, ignore_user_meta=False, metas=['./colcon.meta'], base_paths=['.'], packages_ignore=None, packages_ignore_regex=None, paths=None, packages_up_to=None, packages_up_to_regex=None, packages_above=None, packages_above_and_dependencies=None, packages_above_depth=None, packages_select_by_dep=None, packages_skip_by_dep=None, packages_skip_up_to=None, packages_select_build_failed=False, packages_skip_build_finished=False, packages_select_test_failures=False, packages_skip_test_passed=False, packages_select=None, packages_skip=None, packages_select_regex=None, packages_skip_regex=None, packages_start=None, packages_end=None, allow_overriding=[], cmake_args=None, cmake_target=None, cmake_target_skip_unavailable=False, cmake_clean_cache=False, cmake_clean_first=False, cmake_force_configure=False, ament_cmake_args=None, catkin_cmake_args=None, catkin_skip_building_tests=False, verb_parser=<colcon_defaults.argument_parser.defaults.DefaultArgumentsDecorator object at 0x7fe0d1a4c9d0>, verb_extension=<colcon_core.verb.build.BuildVerb object at 0x7fe0d239d240>, main=<bound method BuildVerb.main of <colcon_core.verb.build.BuildVerb object at 0x7fe0d239d240>>)
[0.297s] Level 1:colcon.colcon_core.package_discovery:discover_packages(colcon_meta) check parameters
[0.297s] Level 1:colcon.colcon_core.package_discovery:discover_packages(recursive) check parameters
[0.297s] Level 1:colcon.colcon_core.package_discovery:discover_packages(ignore) check parameters
[0.297s] Level 1:colcon.colcon_core.package_discovery:discover_packages(path) check parameters
[0.297s] Level 1:colcon.colcon_core.package_discovery:discover_packages(colcon_meta) discover
[0.297s] Level 1:colcon.colcon_core.package_discovery:discover_packages(recursive) discover
[0.297s] INFO:colcon.colcon_core.package_discovery:Crawling recursively for packages in '/home/samueljadzak/capstone/restart_ws/capstone_boat_23/src'
[0.297s] Level 1:colcon.colcon_core.package_identification:_identify(.) by extensions ['ignore', 'ignore_ament_install']
[0.297s] Level 1:colcon.colcon_core.package_identification:_identify(.) by extension 'ignore'
[0.297s] Level 1:colcon.colcon_core.package_identification:_identify(.) by extension 'ignore_ament_install'
[0.297s] Level 1:colcon.colcon_core.package_identification:_identify(.) by extensions ['colcon_pkg']
[0.297s] Level 1:colcon.colcon_core.package_identification:_identify(.) by extension 'colcon_pkg'
[0.297s] Level 1:colcon.colcon_core.package_identification:_identify(.) by extensions ['colcon_meta']
[0.297s] Level 1:colcon.colcon_core.package_identification:_identify(.) by extension 'colcon_meta'
[0.298s] Level 1:colcon.colcon_core.package_identification:_identify(.) by extensions ['ros']
[0.298s] Level 1:colcon.colcon_core.package_identification:_identify(.) by extension 'ros'
[0.321s] Level 1:colcon.colcon_core.package_identification:_identify(.) by extensions ['cmake', 'python']
[0.321s] Level 1:colcon.colcon_core.package_identification:_identify(.) by extension 'cmake'
[0.321s] Level 1:colcon.colcon_core.package_identification:_identify(.) by extension 'python'
[0.321s] Level 1:colcon.colcon_core.package_identification:_identify(.) by extensions ['python_setup_py']
[0.321s] Level 1:colcon.colcon_core.package_identification:_identify(.) by extension 'python_setup_py'
[0.321s] Level 1:colcon.colcon_core.package_identification:_identify(articubot_one) by extensions ['ignore', 'ignore_ament_install']
[0.321s] Level 1:colcon.colcon_core.package_identification:_identify(articubot_one) by extension 'ignore'
[0.321s] Level 1:colcon.colcon_core.package_identification:_identify(articubot_one) by extension 'ignore_ament_install'
[0.321s] Level 1:colcon.colcon_core.package_identification:_identify(articubot_one) by extensions ['colcon_pkg']
[0.321s] Level 1:colcon.colcon_core.package_identification:_identify(articubot_one) by extension 'colcon_pkg'
[0.321s] Level 1:colcon.colcon_core.package_identification:_identify(articubot_one) by extensions ['colcon_meta']
[0.321s] Level 1:colcon.colcon_core.package_identification:_identify(articubot_one) by extension 'colcon_meta'
[0.322s] Level 1:colcon.colcon_core.package_identification:_identify(articubot_one) by extensions ['ros']
[0.322s] Level 1:colcon.colcon_core.package_identification:_identify(articubot_one) by extension 'ros'
[0.324s] DEBUG:colcon.colcon_core.package_identification:Package 'articubot_one' with type 'ros.ament_cmake' and name 'articubot_one'
[0.324s] Level 1:colcon.colcon_core.package_identification:_identify(build) by extensions ['ignore', 'ignore_ament_install']
[0.324s] Level 1:colcon.colcon_core.package_identification:_identify(build) by extension 'ignore'
[0.324s] Level 1:colcon.colcon_core.package_identification:_identify(build) ignored
[0.324s] Level 1:colcon.colcon_core.package_identification:_identify(install) by extensions ['ignore', 'ignore_ament_install']
[0.324s] Level 1:colcon.colcon_core.package_identification:_identify(install) by extension 'ignore'
[0.324s] Level 1:colcon.colcon_core.package_identification:_identify(install) ignored
[0.324s] Level 1:colcon.colcon_core.package_identification:_identify(log) by extensions ['ignore', 'ignore_ament_install']
[0.324s] Level 1:colcon.colcon_core.package_identification:_identify(log) by extension 'ignore'
[0.324s] Level 1:colcon.colcon_core.package_identification:_identify(log) ignored
[0.324s] Level 1:colcon.colcon_core.package_discovery:discover_packages(recursive) using defaults
[0.324s] Level 1:colcon.colcon_core.package_discovery:discover_packages(ignore) discover
[0.324s] Level 1:colcon.colcon_core.package_discovery:discover_packages(ignore) using defaults
[0.324s] Level 1:colcon.colcon_core.package_discovery:discover_packages(path) discover
[0.324s] Level 1:colcon.colcon_core.package_discovery:discover_packages(path) using defaults
[0.346s] Level 1:colcon.colcon_core.package_discovery:discover_packages(prefix_path) check parameters
[0.346s] Level 1:colcon.colcon_core.package_discovery:discover_packages(prefix_path) discover
[0.347s] WARNING:colcon.colcon_core.prefix_path.colcon:The path '/home/samueljadzak/capstone/restart_ws/install' in the environment variable COLCON_PREFIX_PATH doesn't exist
[0.347s] WARNING:colcon.colcon_ros.prefix_path.ament:The path '/home/samueljadzak/capstone/restart_ws/install/articubot_one' in the environment variable AMENT_PREFIX_PATH doesn't exist
[0.347s] WARNING:colcon.colcon_ros.prefix_path.catkin:The path '/home/samueljadzak/capstone/restart_ws/install/articubot_one' in the environment variable CMAKE_PREFIX_PATH doesn't exist
[0.348s] DEBUG:colcon.colcon_installed_package_information.package_discovery:Found 1 installed packages in /home/samueljadzak/capstone/restart_ws/capstone_boat_23/install
[0.350s] DEBUG:colcon.colcon_installed_package_information.package_discovery:Found 330 installed packages in /opt/ros/humble
[0.351s] Level 1:colcon.colcon_core.package_discovery:discover_packages(prefix_path) using defaults
[0.399s] Level 5:colcon.colcon_core.verb:set package 'articubot_one' build argument 'cmake_args' from command line to 'None'
[0.399s] Level 5:colcon.colcon_core.verb:set package 'articubot_one' build argument 'cmake_target' from command line to 'None'
[0.399s] Level 5:colcon.colcon_core.verb:set package 'articubot_one' build argument 'cmake_target_skip_unavailable' from command line to 'False'
[0.399s] Level 5:colcon.colcon_core.verb:set package 'articubot_one' build argument 'cmake_clean_cache' from command line to 'False'
[0.399s] Level 5:colcon.colcon_core.verb:set package 'articubot_one' build argument 'cmake_clean_first' from command line to 'False'
[0.399s] Level 5:colcon.colcon_core.verb:set package 'articubot_one' build argument 'cmake_force_configure' from command line to 'False'
[0.399s] Level 5:colcon.colcon_core.verb:set package 'articubot_one' build argument 'ament_cmake_args' from command line to 'None'
[0.399s] Level 5:colcon.colcon_core.verb:set package 'articubot_one' build argument 'catkin_cmake_args' from command line to 'None'
[0.399s] Level 5:colcon.colcon_core.verb:set package 'articubot_one' build argument 'catkin_skip_building_tests' from command line to 'False'
[0.399s] DEBUG:colcon.colcon_core.verb:Building package 'articubot_one' with the following arguments: {'ament_cmake_args': None, 'build_base': '/home/samueljadzak/capstone/restart_ws/capstone_boat_23/src/build/articubot_one', 'catkin_cmake_args': None, 'catkin_skip_building_tests': False, 'cmake_args': None, 'cmake_clean_cache': False, 'cmake_clean_first': False, 'cmake_force_configure': False, 'cmake_target': None, 'cmake_target_skip_unavailable': False, 'install_base': '/home/samueljadzak/capstone/restart_ws/capstone_boat_23/src/install/articubot_one', 'merge_install': False, 'path': '/home/samueljadzak/capstone/restart_ws/capstone_boat_23/src/articubot_one', 'symlink_install': True, 'test_result_base': None}
[0.400s] INFO:colcon.colcon_core.executor:Executing jobs using 'parallel' executor
[0.403s] DEBUG:colcon.colcon_parallel_executor.executor.parallel:run_until_complete
[0.403s] INFO:colcon.colcon_ros.task.ament_cmake.build:Building ROS package in '/home/samueljadzak/capstone/restart_ws/capstone_boat_23/src/articubot_one' with build type 'ament_cmake'
[0.403s] INFO:colcon.colcon_cmake.task.cmake.build:Building CMake package in '/home/samueljadzak/capstone/restart_ws/capstone_boat_23/src/articubot_one'
[0.408s] INFO:colcon.colcon_core.plugin_system:Skipping extension 'colcon_core.shell.bat': Not used on non-Windows systems
[0.408s] INFO:colcon.colcon_core.shell:Skip shell extension 'powershell' for command environment: Not usable outside of PowerShell
[0.409s] DEBUG:colcon.colcon_core.shell:Skip shell extension 'dsv' for command environment
[0.418s] DEBUG:colcon.colcon_core.event_handler.log_command:Invoking command in '/home/samueljadzak/capstone/restart_ws/capstone_boat_23/src/build/articubot_one': CMAKE_PREFIX_PATH=${CMAKE_PREFIX_PATH}:/opt/ros/humble /usr/bin/cmake /home/samueljadzak/capstone/restart_ws/capstone_boat_23/src/articubot_one -DAMENT_CMAKE_SYMLINK_INSTALL=1 -DCMAKE_INSTALL_PREFIX=/home/samueljadzak/capstone/restart_ws/capstone_boat_23/src/install/articubot_one
[1.024s] DEBUG:colcon.colcon_core.event_handler.log_command:Invoked command in '/home/samueljadzak/capstone/restart_ws/capstone_boat_23/src/build/articubot_one' returned '0': CMAKE_PREFIX_PATH=${CMAKE_PREFIX_PATH}:/opt/ros/humble /usr/bin/cmake /home/samueljadzak/capstone/restart_ws/capstone_boat_23/src/articubot_one -DAMENT_CMAKE_SYMLINK_INSTALL=1 -DCMAKE_INSTALL_PREFIX=/home/samueljadzak/capstone/restart_ws/capstone_boat_23/src/install/articubot_one
[1.026s] DEBUG:colcon.colcon_core.event_handler.log_command:Invoking command in '/home/samueljadzak/capstone/restart_ws/capstone_boat_23/src/build/articubot_one': CMAKE_PREFIX_PATH=${CMAKE_PREFIX_PATH}:/opt/ros/humble /usr/bin/cmake --build /home/samueljadzak/capstone/restart_ws/capstone_boat_23/src/build/articubot_one -- -j12 -l12
[1.058s] DEBUG:colcon.colcon_core.event_handler.log_command:Invoked command in '/home/samueljadzak/capstone/restart_ws/capstone_boat_23/src/build/articubot_one' returned '0': CMAKE_PREFIX_PATH=${CMAKE_PREFIX_PATH}:/opt/ros/humble /usr/bin/cmake --build /home/samueljadzak/capstone/restart_ws/capstone_boat_23/src/build/articubot_one -- -j12 -l12
[1.081s] DEBUG:colcon.colcon_core.event_handler.log_command:Invoking command in '/home/samueljadzak/capstone/restart_ws/capstone_boat_23/src/build/articubot_one': CMAKE_PREFIX_PATH=${CMAKE_PREFIX_PATH}:/opt/ros/humble /usr/bin/cmake --install /home/samueljadzak/capstone/restart_ws/capstone_boat_23/src/build/articubot_one
[1.392s] Level 1:colcon.colcon_core.environment:create_environment_scripts_only(articubot_one)
[1.393s] DEBUG:colcon.colcon_core.event_handler.log_command:Invoked command in '/home/samueljadzak/capstone/restart_ws/capstone_boat_23/src/build/articubot_one' returned '0': CMAKE_PREFIX_PATH=${CMAKE_PREFIX_PATH}:/opt/ros/humble /usr/bin/cmake --install /home/samueljadzak/capstone/restart_ws/capstone_boat_23/src/build/articubot_one
[1.397s] Level 1:colcon.colcon_core.environment:checking '/home/samueljadzak/capstone/restart_ws/capstone_boat_23/src/install/articubot_one' for CMake module files
[1.398s] Level 1:colcon.colcon_core.environment:checking '/home/samueljadzak/capstone/restart_ws/capstone_boat_23/src/install/articubot_one' for CMake config files
[1.398s] Level 1:colcon.colcon_core.shell:create_environment_hook('articubot_one', 'cmake_prefix_path')
[1.400s] INFO:colcon.colcon_core.shell:Creating environment hook '/home/samueljadzak/capstone/restart_ws/capstone_boat_23/src/install/articubot_one/share/articubot_one/hook/cmake_prefix_path.ps1'
[1.401s] INFO:colcon.colcon_core.shell:Creating environment descriptor '/home/samueljadzak/capstone/restart_ws/capstone_boat_23/src/install/articubot_one/share/articubot_one/hook/cmake_prefix_path.dsv'
[1.401s] INFO:colcon.colcon_core.shell:Creating environment hook '/home/samueljadzak/capstone/restart_ws/capstone_boat_23/src/install/articubot_one/share/articubot_one/hook/cmake_prefix_path.sh'
[1.402s] Level 1:colcon.colcon_core.environment:checking '/home/samueljadzak/capstone/restart_ws/capstone_boat_23/src/install/articubot_one/bin'
[1.402s] Level 1:colcon.colcon_core.environment:checking '/home/samueljadzak/capstone/restart_ws/capstone_boat_23/src/install/articubot_one/lib/pkgconfig/articubot_one.pc'
[1.402s] Level 1:colcon.colcon_core.environment:checking '/home/samueljadzak/capstone/restart_ws/capstone_boat_23/src/install/articubot_one/lib/python3.10/site-packages'
[1.403s] Level 1:colcon.colcon_core.environment:checking '/home/samueljadzak/capstone/restart_ws/capstone_boat_23/src/install/articubot_one/bin'
[1.404s] INFO:colcon.colcon_core.shell:Creating package script '/home/samueljadzak/capstone/restart_ws/capstone_boat_23/src/install/articubot_one/share/articubot_one/package.ps1'
[1.406s] INFO:colcon.colcon_core.shell:Creating package descriptor '/home/samueljadzak/capstone/restart_ws/capstone_boat_23/src/install/articubot_one/share/articubot_one/package.dsv'
[1.406s] INFO:colcon.colcon_core.shell:Creating package script '/home/samueljadzak/capstone/restart_ws/capstone_boat_23/src/install/articubot_one/share/articubot_one/package.sh'
[1.407s] INFO:colcon.colcon_core.shell:Creating package script '/home/samueljadzak/capstone/restart_ws/capstone_boat_23/src/install/articubot_one/share/articubot_one/package.bash'
[1.408s] INFO:colcon.colcon_core.shell:Creating package script '/home/samueljadzak/capstone/restart_ws/capstone_boat_23/src/install/articubot_one/share/articubot_one/package.zsh'
[1.408s] Level 1:colcon.colcon_core.environment:create_file_with_runtime_dependencies(/home/samueljadzak/capstone/restart_ws/capstone_boat_23/src/install/articubot_one/share/colcon-core/packages/articubot_one)
[1.426s] Level 1:colcon.colcon_core.environment:create_environment_scripts_only(articubot_one)
[1.428s] Level 1:colcon.colcon_core.environment:checking '/home/samueljadzak/capstone/restart_ws/capstone_boat_23/src/install/articubot_one' for CMake module files
[1.429s] Level 1:colcon.colcon_core.environment:checking '/home/samueljadzak/capstone/restart_ws/capstone_boat_23/src/install/articubot_one' for CMake config files
[1.429s] Level 1:colcon.colcon_core.shell:create_environment_hook('articubot_one', 'cmake_prefix_path')
[1.431s] INFO:colcon.colcon_core.shell:Creating environment hook '/home/samueljadzak/capstone/restart_ws/capstone_boat_23/src/install/articubot_one/share/articubot_one/hook/cmake_prefix_path.ps1'
[1.432s] INFO:colcon.colcon_core.shell:Creating environment descriptor '/home/samueljadzak/capstone/restart_ws/capstone_boat_23/src/install/articubot_one/share/articubot_one/hook/cmake_prefix_path.dsv'
[1.432s] INFO:colcon.colcon_core.shell:Creating environment hook '/home/samueljadzak/capstone/restart_ws/capstone_boat_23/src/install/articubot_one/share/articubot_one/hook/cmake_prefix_path.sh'
[1.432s] Level 1:colcon.colcon_core.environment:checking '/home/samueljadzak/capstone/restart_ws/capstone_boat_23/src/install/articubot_one/bin'
[1.432s] Level 1:colcon.colcon_core.environment:checking '/home/samueljadzak/capstone/restart_ws/capstone_boat_23/src/install/articubot_one/lib/pkgconfig/articubot_one.pc'
[1.432s] Level 1:colcon.colcon_core.environment:checking '/home/samueljadzak/capstone/restart_ws/capstone_boat_23/src/install/articubot_one/lib/python3.10/site-packages'
[1.433s] Level 1:colcon.colcon_core.environment:checking '/home/samueljadzak/capstone/restart_ws/capstone_boat_23/src/install/articubot_one/bin'
[1.434s] INFO:colcon.colcon_core.shell:Creating package script '/home/samueljadzak/capstone/restart_ws/capstone_boat_23/src/install/articubot_one/share/articubot_one/package.ps1'
[1.434s] INFO:colcon.colcon_core.shell:Creating package descriptor '/home/samueljadzak/capstone/restart_ws/capstone_boat_23/src/install/articubot_one/share/articubot_one/package.dsv'
[1.434s] INFO:colcon.colcon_core.shell:Creating package script '/home/samueljadzak/capstone/restart_ws/capstone_boat_23/src/install/articubot_one/share/articubot_one/package.sh'
[1.435s] INFO:colcon.colcon_core.shell:Creating package script '/home/samueljadzak/capstone/restart_ws/capstone_boat_23/src/install/articubot_one/share/articubot_one/package.bash'
[1.435s] INFO:colcon.colcon_core.shell:Creating package script '/home/samueljadzak/capstone/restart_ws/capstone_boat_23/src/install/articubot_one/share/articubot_one/package.zsh'
[1.435s] Level 1:colcon.colcon_core.environment:create_file_with_runtime_dependencies(/home/samueljadzak/capstone/restart_ws/capstone_boat_23/src/install/articubot_one/share/colcon-core/packages/articubot_one)
[1.435s] DEBUG:colcon.colcon_parallel_executor.executor.parallel:closing loop
[1.436s] DEBUG:colcon.colcon_parallel_executor.executor.parallel:loop closed
[1.436s] DEBUG:colcon.colcon_parallel_executor.executor.parallel:run_until_complete finished with '0'
[1.436s] DEBUG:colcon.colcon_core.event_reactor:joining thread
[1.442s] INFO:colcon.colcon_core.plugin_system:Skipping extension 'colcon_notification.desktop_notification.notify_send': Could not find 'notify-send'
[1.442s] INFO:colcon.colcon_core.plugin_system:Skipping extension 'colcon_notification.desktop_notification.terminal_notifier': Not used on non-Darwin systems
[1.442s] INFO:colcon.colcon_core.plugin_system:Skipping extension 'colcon_notification.desktop_notification.win32': Not used on non-Windows systems
[1.442s] INFO:colcon.colcon_notification.desktop_notification:Sending desktop notification using 'notify2'
[1.451s] DEBUG:colcon.colcon_core.event_reactor:joined thread
[1.452s] INFO:colcon.colcon_core.shell:Creating prefix script '/home/samueljadzak/capstone/restart_ws/capstone_boat_23/src/install/local_setup.ps1'
[1.453s] INFO:colcon.colcon_core.shell:Creating prefix util module '/home/samueljadzak/capstone/restart_ws/capstone_boat_23/src/install/_local_setup_util_ps1.py'
[1.454s] INFO:colcon.colcon_core.shell:Creating prefix chain script '/home/samueljadzak/capstone/restart_ws/capstone_boat_23/src/install/setup.ps1'
[1.456s] INFO:colcon.colcon_core.shell:Creating prefix script '/home/samueljadzak/capstone/restart_ws/capstone_boat_23/src/install/local_setup.sh'
[1.457s] INFO:colcon.colcon_core.shell:Creating prefix util module '/home/samueljadzak/capstone/restart_ws/capstone_boat_23/src/install/_local_setup_util_sh.py'
[1.457s] INFO:colcon.colcon_core.shell:Creating prefix chain script '/home/samueljadzak/capstone/restart_ws/capstone_boat_23/src/install/setup.sh'
[1.459s] INFO:colcon.colcon_core.shell:Creating prefix script '/home/samueljadzak/capstone/restart_ws/capstone_boat_23/src/install/local_setup.bash'
[1.459s] INFO:colcon.colcon_core.shell:Creating prefix chain script '/home/samueljadzak/capstone/restart_ws/capstone_boat_23/src/install/setup.bash'
[1.461s] INFO:colcon.colcon_core.shell:Creating prefix script '/home/samueljadzak/capstone/restart_ws/capstone_boat_23/src/install/local_setup.zsh'
[1.461s] INFO:colcon.colcon_core.shell:Creating prefix chain script '/home/samueljadzak/capstone/restart_ws/capstone_boat_23/src/install/setup.zsh'
